{"correlationId":null,"level":"error","message":"Unable to load swagger-ui for openapi.yaml: Error: ENOENT: no such file or directory, open './openapi.yaml'","timestamp":"2023-07-13 11:03:10.714 PM"}
{"correlationId":null,"level":"info","message":"Server listening on port 8080!","timestamp":"2023-07-13 11:03:10.717 PM"}
{"correlationId":"443ea1ac-b993-4451-bd11-c6f70a1802d3","level":"info","message":"GET localhost:8080/","timestamp":"2023-07-13 11:03:20.100 PM"}
{"correlationId":null,"level":"info","message":"Server listening on port 8080!","timestamp":"2023-07-13 11:07:19.037 PM"}
{"correlationId":"65d0bbd9-7e01-4792-b540-03d82148b771","level":"info","message":"GET localhost:8080/","timestamp":"2023-07-13 11:07:25.481 PM"}
{"correlationId":null,"level":"info","message":"Server listening on port 8080!","timestamp":"2023-07-13 11:11:20.450 PM"}
{"correlationId":"7d8f4474-5edf-4b99-bc37-e2458ff8ee6c","level":"info","message":"GET localhost:8080/","timestamp":"2023-07-13 11:11:24.167 PM"}
{"correlationId":"145ffe5d-c1b2-4648-8621-74074a856c39","level":"info","message":"GET localhost:8080/vercel.svg","timestamp":"2023-07-13 11:11:25.521 PM"}
{"correlationId":"c3d56a12-5a73-498b-a891-10f86186f0e4","level":"info","message":"GET localhost:8080/next.svg","timestamp":"2023-07-13 11:11:25.523 PM"}
{"correlationId":"ab20c617-dcba-405c-9479-5f670ca872b3","level":"info","message":"GET localhost:8080/_next/static/media/2aaf0723e720e8b9-s.p.woff2","timestamp":"2023-07-13 11:11:25.525 PM"}
{"correlationId":"78510484-ca98-4797-9ff3-99e35610c4df","level":"info","message":"GET localhost:8080/_next/static/chunks/react-refresh.js?ts=1689304285464","timestamp":"2023-07-13 11:11:25.526 PM"}
{"correlationId":"3d4b7961-7072-41be-ad55-c46083c560e2","level":"info","message":"GET localhost:8080/_next/static/chunks/webpack.js?ts=1689304285464","timestamp":"2023-07-13 11:11:25.526 PM"}
{"correlationId":"78462da2-d35b-43da-86c7-93030265c852","level":"info","message":"GET localhost:8080/_next/static/chunks/main.js?ts=1689304285464","timestamp":"2023-07-13 11:11:25.527 PM"}
{"correlationId":"5c044766-4d9b-4309-8eb7-618d0c1d5077","level":"info","message":"GET localhost:8080/_next/static/chunks/pages/_app.js?ts=1689304285464","timestamp":"2023-07-13 11:11:25.568 PM"}
{"correlationId":"66278b8f-abbf-4e1f-bf1e-3d7b2cd3d4ed","level":"info","message":"GET localhost:8080/_next/static/chunks/pages/index.js?ts=1689304285464","timestamp":"2023-07-13 11:11:25.569 PM"}
{"correlationId":"2c431427-eb97-47c1-8650-86df18c95694","level":"info","message":"GET localhost:8080/_next/static/development/_buildManifest.js?ts=1689304285464","timestamp":"2023-07-13 11:11:25.572 PM"}
{"correlationId":"48b04cf8-794b-46fb-8d6a-fd8b276753bc","level":"info","message":"GET localhost:8080/_next/static/development/_ssgManifest.js?ts=1689304285464","timestamp":"2023-07-13 11:11:25.573 PM"}
{"correlationId":"8b3a5a72-1e24-41d6-928b-5fc0a3443de5","level":"info","message":"GET localhost:8080/_next/static/development/_devMiddlewareManifest.json","timestamp":"2023-07-13 11:11:25.748 PM"}
{"correlationId":"382565f5-6aef-4abd-abaa-17050a3a16b3","level":"info","message":"GET localhost:8080/favicon.ico","timestamp":"2023-07-13 11:11:25.787 PM"}
{"correlationId":"13f69f91-348f-4989-990f-ac95b6a6cf23","level":"info","message":"GET localhost:8080/api/swagger-docs","timestamp":"2023-07-13 11:11:40.820 PM"}
{"correlationId":"b6c0d5e5-c8a9-413e-b62a-31f61954ccec","level":"info","message":"GET localhost:8080/_next/static/webpack/8ff64f8af4f37f6b.webpack.hot-update.json","timestamp":"2023-07-13 11:11:40.994 PM"}
{"correlationId":"2e8301a7-9db8-4ba8-90bd-85a68cc33f42","level":"info","message":"GET localhost:8080/_next/static/webpack/webpack.8ff64f8af4f37f6b.hot-update.js","timestamp":"2023-07-13 11:11:41.001 PM"}
{"correlationId":"393be39e-8a88-4614-95dc-361f8b95751f","level":"info","message":"GET localhost:8080/_next/static/chunks/webpack.js?ts=1689304301065","timestamp":"2023-07-13 11:11:41.087 PM"}
{"correlationId":"b9ef741d-f67b-43f6-b2a6-dee29234ef51","level":"info","message":"GET localhost:8080/_next/static/chunks/main.js?ts=1689304301065","timestamp":"2023-07-13 11:11:41.088 PM"}
{"correlationId":"532b0efc-96f4-4860-b9b6-f899e0ddb969","level":"info","message":"GET localhost:8080/_next/static/chunks/react-refresh.js?ts=1689304301065","timestamp":"2023-07-13 11:11:41.091 PM"}
{"correlationId":"31fe501e-cc31-4759-b7ea-321af1ec67a4","level":"info","message":"GET localhost:8080/_next/static/chunks/pages/_app.js?ts=1689304301065","timestamp":"2023-07-13 11:11:41.092 PM"}
{"correlationId":"b34890f0-9d84-4ff0-9118-5bfaa53a63f4","level":"info","message":"GET localhost:8080/_next/static/chunks/pages/_error.js?ts=1689304301065","timestamp":"2023-07-13 11:11:41.093 PM"}
{"correlationId":"b46f546d-ffa8-4892-9165-7db4057a2a14","level":"info","message":"GET localhost:8080/_next/static/development/_buildManifest.js?ts=1689304301065","timestamp":"2023-07-13 11:11:41.094 PM"}
{"correlationId":"c81ffdc8-a253-4bab-b0fa-8a38fdcc31f2","level":"info","message":"GET localhost:8080/_next/static/development/_ssgManifest.js?ts=1689304301065","timestamp":"2023-07-13 11:11:41.098 PM"}
{"correlationId":"d36082c3-0ad9-4f93-bb0b-222a89b720b4","level":"info","message":"GET localhost:8080/_next/static/development/_devMiddlewareManifest.json","timestamp":"2023-07-13 11:11:41.264 PM"}
{"correlationId":"8c73298f-ed1a-482a-9631-56783d904b40","level":"info","message":"GET localhost:8080/api/swagger-docs","timestamp":"2023-07-13 11:11:43.787 PM"}
{"correlationId":"7aea76e7-4cff-4c92-9f99-5dc059b1cb17","level":"info","message":"GET localhost:8080/api/swagger-docs","timestamp":"2023-07-13 11:11:46.281 PM"}
{"correlationId":"962cf494-cb3b-4536-805f-c32e7c4b4ac4","level":"info","message":"GET localhost:8080/swagger-docs","timestamp":"2023-07-13 11:11:48.634 PM"}
{"correlationId":"95f12aba-bab3-426c-92e2-16a6be3e0106","level":"info","message":"GET localhost:8080/_next/static/chunks/webpack.js?ts=1689304308721","timestamp":"2023-07-13 11:11:48.737 PM"}
{"correlationId":"a8f41971-53a4-4606-84c5-76a4594acda6","level":"info","message":"GET localhost:8080/_next/static/chunks/main.js?ts=1689304308721","timestamp":"2023-07-13 11:11:48.739 PM"}
{"correlationId":"f2b5aa72-bdb7-4606-bc64-8c30e5dc47b7","level":"info","message":"GET localhost:8080/_next/static/chunks/react-refresh.js?ts=1689304308721","timestamp":"2023-07-13 11:11:48.742 PM"}
{"correlationId":"85929960-71e2-408e-a48b-b7649848b23f","level":"info","message":"GET localhost:8080/_next/static/chunks/pages/_app.js?ts=1689304308721","timestamp":"2023-07-13 11:11:48.743 PM"}
{"correlationId":"b5bdffcb-817d-47f5-89da-6c8b573a0746","level":"info","message":"GET localhost:8080/_next/static/chunks/pages/_error.js?ts=1689304308721","timestamp":"2023-07-13 11:11:48.744 PM"}
{"correlationId":"3aaa7be1-0d3e-4306-a88c-72ba8e99f372","level":"info","message":"GET localhost:8080/_next/static/development/_buildManifest.js?ts=1689304308721","timestamp":"2023-07-13 11:11:48.744 PM"}
{"correlationId":"aa2b1fd1-4e53-4358-b4db-94e4cc304f16","level":"info","message":"GET localhost:8080/_next/static/development/_ssgManifest.js?ts=1689304308721","timestamp":"2023-07-13 11:11:48.748 PM"}
{"correlationId":"850a21db-7632-443e-a699-4c68a0054ed0","level":"info","message":"GET localhost:8080/_next/static/development/_devMiddlewareManifest.json","timestamp":"2023-07-13 11:11:48.908 PM"}
{"correlationId":"07505e86-4374-402f-a162-41e62e7010e7","level":"info","message":"GET localhost:8080/swagger-docs","timestamp":"2023-07-13 11:11:51.434 PM"}
{"correlationId":"bb8ee336-5f74-4265-ab28-c1e562dd1600","level":"info","message":"GET localhost:8080/swagger-docs","timestamp":"2023-07-13 11:11:53.929 PM"}
{"correlationId":"554e95f9-1383-404d-9423-870c13382c11","level":"info","message":"GET localhost:8080/swagger-docs","timestamp":"2023-07-13 11:11:56.434 PM"}
{"correlationId":"75634b46-5ab0-4bcd-9bc7-88ef79bf9261","level":"info","message":"GET localhost:8080/swagger-docs","timestamp":"2023-07-13 11:11:58.927 PM"}
{"correlationId":"9d61db6b-eb44-4029-abce-b6a2dd88cc13","level":"info","message":"GET localhost:8080/swagger-docs","timestamp":"2023-07-13 11:12:01.434 PM"}
{"correlationId":"94687023-f613-427e-9b0e-51d52cd261d1","level":"info","message":"GET localhost:8080/swagger-docs","timestamp":"2023-07-13 11:12:03.929 PM"}
{"correlationId":"84d84427-4621-4996-805d-a0227f154363","level":"info","message":"GET localhost:8080/swagger-docs","timestamp":"2023-07-13 11:12:06.433 PM"}
{"correlationId":null,"level":"info","message":"Server listening on port 8080!","timestamp":"2023-07-13 11:19:58.396 PM"}
{"correlationId":null,"level":"info","message":"Server listening on port 8080!","timestamp":"2023-07-18 10:58:24.315 PM"}
{"correlationId":"3cda4e5a-28d8-4bc0-8231-6df06b335548","level":"info","message":"GET localhost:8080/","timestamp":"2023-07-18 10:58:40.905 PM"}
{"correlationId":"acd42879-74fd-4bbf-8020-6fda47444522","level":"info","message":"GET localhost:8080/vercel.svg","timestamp":"2023-07-18 10:58:41.994 PM"}
{"correlationId":"21696ba2-f049-4562-8701-8102a23cc9a2","level":"info","message":"GET localhost:8080/next.svg","timestamp":"2023-07-18 10:58:41.998 PM"}
{"correlationId":"c0719e04-936e-4a7d-8a71-c4a84b601079","level":"info","message":"GET localhost:8080/_next/static/chunks/pages/index.js?ts=1689735521930","timestamp":"2023-07-18 10:58:42.006 PM"}
{"correlationId":"ea6cab5a-17b8-4a73-9638-2b46ddacb7c4","level":"info","message":"GET localhost:8080/_next/static/chunks/react-refresh.js?ts=1689735521930","timestamp":"2023-07-18 10:58:42.007 PM"}
{"correlationId":"32419293-37f5-48f5-afa8-b705f6924363","level":"info","message":"GET localhost:8080/_next/static/chunks/webpack.js?ts=1689735521930","timestamp":"2023-07-18 10:58:42.008 PM"}
{"correlationId":"0ea5b8e0-393a-4bb8-84ad-820a7bf60a49","level":"info","message":"GET localhost:8080/_next/static/chunks/main.js?ts=1689735521930","timestamp":"2023-07-18 10:58:42.008 PM"}
{"correlationId":"69e96c95-7b1d-4eca-b7aa-8c5bf7e29698","level":"info","message":"GET localhost:8080/_next/static/chunks/pages/_app.js?ts=1689735521930","timestamp":"2023-07-18 10:58:42.009 PM"}
{"correlationId":"9b2cdbc4-b5a8-46c5-8d96-9a9df957e003","level":"info","message":"GET localhost:8080/_next/static/development/_buildManifest.js?ts=1689735521930","timestamp":"2023-07-18 10:58:42.012 PM"}
{"correlationId":"95901034-9cf2-4d2c-abf6-5a558c309263","level":"info","message":"GET localhost:8080/_next/static/development/_ssgManifest.js?ts=1689735521930","timestamp":"2023-07-18 10:58:42.018 PM"}
{"correlationId":"a672126c-0789-4dbc-b300-026c8b245b0a","level":"info","message":"GET localhost:8080/_next/static/development/_devMiddlewareManifest.json","timestamp":"2023-07-18 10:58:42.191 PM"}
{"correlationId":null,"level":"info","message":"Server listening on port 8080!","timestamp":"2023-07-18 11:04:32.910 PM"}
{"correlationId":"ce3c279e-9f7c-443c-9fb4-f18bdbefcd9d","level":"info","message":"GET localhost:8080/","timestamp":"2023-07-18 11:04:38.512 PM"}
{"correlationId":"058dda23-8a86-4773-85aa-3928230d2d5f","level":"info","message":"GET localhost:8080/vercel.svg","timestamp":"2023-07-18 11:04:38.554 PM"}
{"correlationId":"9b0f9d85-571b-425c-b8f3-1f739a76c819","level":"info","message":"GET localhost:8080/_next/static/css/876d048b5dab7c28.css","timestamp":"2023-07-18 11:04:38.560 PM"}
{"correlationId":"e50d1867-0517-4876-95c1-6b0e83465790","level":"info","message":"GET localhost:8080/_next/static/css/be3bca439d8cf5c9.css","timestamp":"2023-07-18 11:04:38.562 PM"}
{"correlationId":"bf15a2d3-184b-4a06-b8e6-9773b229dc2a","level":"info","message":"GET localhost:8080/next.svg","timestamp":"2023-07-18 11:04:38.565 PM"}
{"correlationId":"9efd809a-1237-4466-8c80-a78d3d352bad","level":"info","message":"GET localhost:8080/_next/static/chunks/webpack-8fa1640cc84ba8fe.js","timestamp":"2023-07-18 11:04:38.566 PM"}
{"correlationId":"fabe78f4-bd64-4b25-84f4-10758d310137","level":"info","message":"GET localhost:8080/_next/static/chunks/framework-305cb810cde7afac.js","timestamp":"2023-07-18 11:04:38.567 PM"}
{"correlationId":"19a81591-d942-47c2-a2b4-79ec477220b4","level":"info","message":"GET localhost:8080/_next/static/chunks/main-bfbd70c9b9a5a25b.js","timestamp":"2023-07-18 11:04:38.568 PM"}
{"correlationId":"c8b0c4a9-777c-43e8-9a9b-9eca655e7840","level":"info","message":"GET localhost:8080/_next/static/chunks/pages/_app-5fbdfbcdfb555d2f.js","timestamp":"2023-07-18 11:04:38.573 PM"}
{"correlationId":"a3dd4579-9ade-4adc-adac-6cfbdb029adf","level":"info","message":"GET localhost:8080/_next/static/chunks/pages/index-a4cd9c3d218e403c.js","timestamp":"2023-07-18 11:04:38.576 PM"}
{"correlationId":"78a4060b-b8fe-4fb9-9fa9-8471579e4ef8","level":"info","message":"GET localhost:8080/_next/static/uBqZQLP3XxI2a_xTzrkTd/_buildManifest.js","timestamp":"2023-07-18 11:04:38.578 PM"}
{"correlationId":"7510b319-df46-4237-a0a5-4b53d02cfaf6","level":"info","message":"GET localhost:8080/_next/static/uBqZQLP3XxI2a_xTzrkTd/_ssgManifest.js","timestamp":"2023-07-18 11:04:38.580 PM"}
{"correlationId":"855d6ed7-1898-4b9c-ae92-d5ed8d52a2ce","level":"info","message":"GET localhost:8080/favicon.ico","timestamp":"2023-07-18 11:04:38.610 PM"}
